c:\users\hp\source\repos\laborator 8\x64\debug\vc142.pdb
c:\users\hp\source\repos\laborator 8\x64\debug\vc142.idb
c:\users\hp\source\repos\laborator 8\x64\debug\validareshopping.nativecodeanalysis.sarif
c:\users\hp\source\repos\laborator 8\x64\debug\validareshopping.nativecodeanalysis.xml
c:\users\hp\source\repos\laborator 8\x64\debug\validaremancare.nativecodeanalysis.sarif
c:\users\hp\source\repos\laborator 8\x64\debug\validaremancare.nativecodeanalysis.xml
c:\users\hp\source\repos\laborator 8\x64\debug\validarecomanda.nativecodeanalysis.sarif
c:\users\hp\source\repos\laborator 8\x64\debug\validarecomanda.nativecodeanalysis.xml
c:\users\hp\source\repos\laborator 8\x64\debug\ui.nativecodeanalysis.sarif
c:\users\hp\source\repos\laborator 8\x64\debug\ui.nativecodeanalysis.xml
c:\users\hp\source\repos\laborator 8\x64\debug\testevalidare.nativecodeanalysis.sarif
c:\users\hp\source\repos\laborator 8\x64\debug\testevalidare.nativecodeanalysis.xml
c:\users\hp\source\repos\laborator 8\x64\debug\testerepo.nativecodeanalysis.sarif
c:\users\hp\source\repos\laborator 8\x64\debug\testerepo.nativecodeanalysis.xml
c:\users\hp\source\repos\laborator 8\x64\debug\testeentitati.nativecodeanalysis.sarif
c:\users\hp\source\repos\laborator 8\x64\debug\testeentitati.nativecodeanalysis.xml
c:\users\hp\source\repos\laborator 8\x64\debug\shopping.nativecodeanalysis.sarif
c:\users\hp\source\repos\laborator 8\x64\debug\shopping.nativecodeanalysis.xml
c:\users\hp\source\repos\laborator 8\x64\debug\mancare.nativecodeanalysis.sarif
c:\users\hp\source\repos\laborator 8\x64\debug\mancare.nativecodeanalysis.xml
c:\users\hp\source\repos\laborator 8\x64\debug\laborator 8.nativecodeanalysis.sarif
c:\users\hp\source\repos\laborator 8\x64\debug\laborator 8.nativecodeanalysis.xml
c:\users\hp\source\repos\laborator 8\x64\debug\comanda.nativecodeanalysis.sarif
c:\users\hp\source\repos\laborator 8\x64\debug\comanda.nativecodeanalysis.xml
c:\users\hp\source\repos\laborator 8\x64\debug\comanda.obj
c:\users\hp\source\repos\laborator 8\x64\debug\laborator 8.obj
c:\users\hp\source\repos\laborator 8\x64\debug\mancare.obj
c:\users\hp\source\repos\laborator 8\x64\debug\shopping.obj
c:\users\hp\source\repos\laborator 8\x64\debug\testeentitati.obj
c:\users\hp\source\repos\laborator 8\x64\debug\testerepo.obj
c:\users\hp\source\repos\laborator 8\x64\debug\testevalidare.obj
c:\users\hp\source\repos\laborator 8\x64\debug\ui.obj
c:\users\hp\source\repos\laborator 8\x64\debug\validarecomanda.obj
c:\users\hp\source\repos\laborator 8\x64\debug\validaremancare.obj
c:\users\hp\source\repos\laborator 8\x64\debug\validareshopping.obj
c:\users\hp\source\repos\x64\debug\laborator 8.ilk
c:\users\hp\source\repos\x64\debug\laborator 8.exe
c:\users\hp\source\repos\x64\debug\laborator 8.pdb
c:\users\hp\source\repos\laborator 8\x64\debug\vc.nativecodeanalysis.all.xml
c:\users\hp\source\repos\laborator 8\x64\debug\laborator 8.tlog\cl.command.1.tlog
c:\users\hp\source\repos\laborator 8\x64\debug\laborator 8.tlog\cl.read.1.tlog
c:\users\hp\source\repos\laborator 8\x64\debug\laborator 8.tlog\cl.write.1.tlog
c:\users\hp\source\repos\laborator 8\x64\debug\laborator 8.tlog\link.command.1.tlog
c:\users\hp\source\repos\laborator 8\x64\debug\laborator 8.tlog\link.read.1.tlog
c:\users\hp\source\repos\laborator 8\x64\debug\laborator 8.tlog\link.write.1.tlog
